  main.cpp
C:\c++\RichTextEditor\main.cpp(47,52): warning C4244:  'argument': conversion from 'double' to 'FLOAT', possible loss of data
C:\c++\RichTextEditor\main.cpp(47,49): warning C4244:  'argument': conversion from 'double' to 'FLOAT', possible loss of data
C:\c++\RichTextEditor\main.cpp(100,18): warning C4244:  'initializing': conversion from 'double' to 'int', possible loss of data
C:\c++\RichTextEditor\main.cpp(202,8): warning C4244:  'argument': conversion from 'UINT32' to 'FLOAT', possible loss of data
C:\c++\RichTextEditor\main.cpp(204,3): warning C4267:  'argument': conversion from 'size_t' to 'UINT32', possible loss of data
C:\c++\RichTextEditor\main.cpp(236,8): warning C4244:  'argument': conversion from 'UINT32' to 'FLOAT', possible loss of data
C:\c++\RichTextEditor\main.cpp(238,3): warning C4267:  'argument': conversion from 'size_t' to 'UINT32', possible loss of data
C:\c++\RichTextEditor\main.cpp(243,46): warning C4838:  conversion from 'unsigned __int64' to 'UINT32' requires a narrowing conversion
C:\c++\RichTextEditor\main.cpp(243,63): warning C4267:  'initializing': conversion from 'size_t' to 'UINT32', possible loss of data
C:\c++\RichTextEditor\main.cpp(246,29): warning C4267:  '+=': conversion from 'size_t' to 'UINT32', possible loss of data
C:\c++\RichTextEditor\main.cpp(290,98): warning C4244:  'argument': conversion from 'double' to 'FLOAT', possible loss of data
C:\c++\RichTextEditor\main.cpp(290,57): warning C4244:  'argument': conversion from 'double' to 'FLOAT', possible loss of data
C:\c++\RichTextEditor\main.cpp(290,36): warning C4244:  'argument': conversion from 'double' to 'FLOAT', possible loss of data
C:\c++\RichTextEditor\main.cpp(291,94): warning C4244:  'argument': conversion from 'double' to 'FLOAT', possible loss of data
C:\c++\RichTextEditor\main.cpp(291,61): warning C4244:  'argument': conversion from 'double' to 'FLOAT', possible loss of data
C:\c++\RichTextEditor\main.cpp(291,40): warning C4244:  'argument': conversion from 'double' to 'FLOAT', possible loss of data
C:\c++\RichTextEditor\main.cpp(292,94): warning C4244:  'argument': conversion from 'double' to 'FLOAT', possible loss of data
C:\c++\RichTextEditor\main.cpp(292,61): warning C4244:  'argument': conversion from 'double' to 'FLOAT', possible loss of data
C:\c++\RichTextEditor\main.cpp(292,40): warning C4244:  'argument': conversion from 'double' to 'FLOAT', possible loss of data
C:\c++\RichTextEditor\main.cpp(293,112): warning C4244:  'argument': conversion from 'double' to 'FLOAT', possible loss of data
C:\c++\RichTextEditor\main.cpp(293,92): warning C4244:  'argument': conversion from 'double' to 'FLOAT', possible loss of data
C:\c++\RichTextEditor\main.cpp(293,73): warning C4244:  'argument': conversion from 'double' to 'FLOAT', possible loss of data
C:\c++\RichTextEditor\main.cpp(293,46): warning C4244:  'argument': conversion from 'double' to 'FLOAT', possible loss of data
C:\c++\RichTextEditor\main.cpp(484,44): warning C4305:  '=': truncation from 'double' to 'FLOAT'
C:\c++\RichTextEditor\main.cpp(486,44): warning C4305:  '=': truncation from 'double' to 'FLOAT'
C:\c++\RichTextEditor\main.cpp(490,44): warning C4305:  '=': truncation from 'double' to 'FLOAT'
C:\c++\RichTextEditor\main.cpp(492,44): warning C4305:  '=': truncation from 'double' to 'FLOAT'
C:\c++\RichTextEditor\main.cpp(507,31): warning C4244:  'argument': conversion from 'double' to 'FLOAT', possible loss of data
C:\c++\RichTextEditor\main.cpp(524,71): warning C4244:  'argument': conversion from 'double' to 'float', possible loss of data
C:\c++\RichTextEditor\main.cpp(538,31): warning C4244:  'argument': conversion from 'double' to 'FLOAT', possible loss of data
C:\c++\RichTextEditor\main.cpp(570,37): warning C4244:  'argument': conversion from 'double' to 'FLOAT', possible loss of data
C:\c++\RichTextEditor\main.cpp(571,37): warning C4244:  'argument': conversion from 'double' to 'FLOAT', possible loss of data
C:\c++\RichTextEditor\main.cpp(578,129): warning C4244:  'argument': conversion from 'double' to 'float', possible loss of data
C:\c++\RichTextEditor\main.cpp(578,153): warning C4244:  'argument': conversion from 'double' to 'float', possible loss of data
C:\c++\RichTextEditor\main.cpp(578,83): warning C4244:  'argument': conversion from 'double' to 'float', possible loss of data
C:\c++\RichTextEditor\main.cpp(631,38): warning C4267:  'initializing': conversion from 'size_t' to 'int', possible loss of data
C:\c++\RichTextEditor\main.cpp(636,14): warning C4244:  'argument': conversion from 'double' to 'FLOAT', possible loss of data
C:\c++\RichTextEditor\main.cpp(634,8): warning C4244:  'argument': conversion from 'double' to 'FLOAT', possible loss of data
C:\c++\RichTextEditor\main.cpp(683,3): warning C4267:  'argument': conversion from 'size_t' to 'UINT32', possible loss of data
C:\c++\RichTextEditor\main.cpp(769,34): warning C4244:  'argument': conversion from 'double' to 'FLOAT', possible loss of data
C:\c++\RichTextEditor\main.cpp(774,48): warning C4244:  'argument': conversion from 'double' to 'FLOAT', possible loss of data
C:\c++\RichTextEditor\main.cpp(893,91): warning C4267:  'argument': conversion from 'size_t' to 'UINT32', possible loss of data
C:\c++\RichTextEditor\main.cpp(1001,91): warning C4244:  'argument': conversion from 'float' to 'const unsigned __int64', possible loss of data
C:\c++\RichTextEditor\main.cpp(1007,91): warning C4244:  'argument': conversion from 'float' to 'const unsigned __int64', possible loss of data
C:\c++\RichTextEditor\main.cpp(1013,14): warning C4244:  '=': conversion from 'const FLOAT' to 'int', possible loss of data
C:\c++\RichTextEditor\main.cpp(1027,17): warning C4244:  'initializing': conversion from 'float' to 'int', possible loss of data
C:\c++\RichTextEditor\main.cpp(1155,14): warning C4244:  '=': conversion from 'double' to 'float', possible loss of data
  Generating code
  3 of 724 functions ( 0.4%) were compiled, the rest were copied from previous compilation.
    0 functions were new in current compilation
    6 functions had inline decision re-evaluated but remain unchanged
  Finished generating code
  RichTextEditor.vcxproj -> C:\c++\RichTextEditor\x64\Release\RichTextEditor.exe
