  main.cpp
C:\c++\RichTextEditor\main.cpp(47,52): warning C4244:  'argument': conversion from 'double' to 'FLOAT', possible loss of data
C:\c++\RichTextEditor\main.cpp(47,49): warning C4244:  'argument': conversion from 'double' to 'FLOAT', possible loss of data
C:\c++\RichTextEditor\main.cpp(100,18): warning C4244:  'initializing': conversion from 'double' to 'int', possible loss of data
C:\c++\RichTextEditor\main.cpp(202,8): warning C4244:  'argument': conversion from 'UINT32' to 'FLOAT', possible loss of data
C:\c++\RichTextEditor\main.cpp(204,3): warning C4267:  'argument': conversion from 'size_t' to 'UINT32', possible loss of data
C:\c++\RichTextEditor\main.cpp(236,8): warning C4244:  'argument': conversion from 'UINT32' to 'FLOAT', possible loss of data
C:\c++\RichTextEditor\main.cpp(238,3): warning C4267:  'argument': conversion from 'size_t' to 'UINT32', possible loss of data
C:\c++\RichTextEditor\main.cpp(243,46): warning C4838:  conversion from 'unsigned __int64' to 'UINT32' requires a narrowing conversion
C:\c++\RichTextEditor\main.cpp(243,63): warning C4267:  'initializing': conversion from 'size_t' to 'UINT32', possible loss of data
C:\c++\RichTextEditor\main.cpp(246,29): warning C4267:  '+=': conversion from 'size_t' to 'UINT32', possible loss of data
C:\c++\RichTextEditor\main.cpp(290,98): warning C4244:  'argument': conversion from 'double' to 'FLOAT', possible loss of data
C:\c++\RichTextEditor\main.cpp(290,57): warning C4244:  'argument': conversion from 'double' to 'FLOAT', possible loss of data
C:\c++\RichTextEditor\main.cpp(290,36): warning C4244:  'argument': conversion from 'double' to 'FLOAT', possible loss of data
C:\c++\RichTextEditor\main.cpp(291,94): warning C4244:  'argument': conversion from 'double' to 'FLOAT', possible loss of data
C:\c++\RichTextEditor\main.cpp(291,61): warning C4244:  'argument': conversion from 'double' to 'FLOAT', possible loss of data
C:\c++\RichTextEditor\main.cpp(291,40): warning C4244:  'argument': conversion from 'double' to 'FLOAT', possible loss of data
C:\c++\RichTextEditor\main.cpp(292,94): warning C4244:  'argument': conversion from 'double' to 'FLOAT', possible loss of data
C:\c++\RichTextEditor\main.cpp(292,61): warning C4244:  'argument': conversion from 'double' to 'FLOAT', possible loss of data
C:\c++\RichTextEditor\main.cpp(292,40): warning C4244:  'argument': conversion from 'double' to 'FLOAT', possible loss of data
C:\c++\RichTextEditor\main.cpp(293,112): warning C4244:  'argument': conversion from 'double' to 'FLOAT', possible loss of data
C:\c++\RichTextEditor\main.cpp(293,92): warning C4244:  'argument': conversion from 'double' to 'FLOAT', possible loss of data
C:\c++\RichTextEditor\main.cpp(293,73): warning C4244:  'argument': conversion from 'double' to 'FLOAT', possible loss of data
C:\c++\RichTextEditor\main.cpp(293,46): warning C4244:  'argument': conversion from 'double' to 'FLOAT', possible loss of data
C:\c++\RichTextEditor\main.cpp(360,76): warning C4554:  '|': check operator precedence for possible error; use parentheses to clarify precedence
C:\c++\RichTextEditor\main.cpp(481,44): warning C4305:  '=': truncation from 'double' to 'FLOAT'
C:\c++\RichTextEditor\main.cpp(483,44): warning C4305:  '=': truncation from 'double' to 'FLOAT'
C:\c++\RichTextEditor\main.cpp(487,44): warning C4305:  '=': truncation from 'double' to 'FLOAT'
C:\c++\RichTextEditor\main.cpp(489,44): warning C4305:  '=': truncation from 'double' to 'FLOAT'
C:\c++\RichTextEditor\main.cpp(504,31): warning C4244:  'argument': conversion from 'double' to 'FLOAT', possible loss of data
C:\c++\RichTextEditor\main.cpp(521,71): warning C4244:  'argument': conversion from 'double' to 'float', possible loss of data
C:\c++\RichTextEditor\main.cpp(535,31): warning C4244:  'argument': conversion from 'double' to 'FLOAT', possible loss of data
C:\c++\RichTextEditor\main.cpp(567,37): warning C4244:  'argument': conversion from 'double' to 'FLOAT', possible loss of data
C:\c++\RichTextEditor\main.cpp(568,37): warning C4244:  'argument': conversion from 'double' to 'FLOAT', possible loss of data
C:\c++\RichTextEditor\main.cpp(575,129): warning C4244:  'argument': conversion from 'double' to 'float', possible loss of data
C:\c++\RichTextEditor\main.cpp(575,153): warning C4244:  'argument': conversion from 'double' to 'float', possible loss of data
C:\c++\RichTextEditor\main.cpp(575,83): warning C4244:  'argument': conversion from 'double' to 'float', possible loss of data
C:\c++\RichTextEditor\main.cpp(628,38): warning C4267:  'initializing': conversion from 'size_t' to 'int', possible loss of data
C:\c++\RichTextEditor\main.cpp(633,14): warning C4244:  'argument': conversion from 'double' to 'FLOAT', possible loss of data
C:\c++\RichTextEditor\main.cpp(631,8): warning C4244:  'argument': conversion from 'double' to 'FLOAT', possible loss of data
C:\c++\RichTextEditor\main.cpp(680,3): warning C4267:  'argument': conversion from 'size_t' to 'UINT32', possible loss of data
C:\c++\RichTextEditor\main.cpp(766,34): warning C4244:  'argument': conversion from 'double' to 'FLOAT', possible loss of data
C:\c++\RichTextEditor\main.cpp(771,48): warning C4244:  'argument': conversion from 'double' to 'FLOAT', possible loss of data
C:\c++\RichTextEditor\main.cpp(890,91): warning C4267:  'argument': conversion from 'size_t' to 'UINT32', possible loss of data
C:\c++\RichTextEditor\main.cpp(998,91): warning C4244:  'argument': conversion from 'float' to 'const unsigned __int64', possible loss of data
C:\c++\RichTextEditor\main.cpp(1004,91): warning C4244:  'argument': conversion from 'float' to 'const unsigned __int64', possible loss of data
C:\c++\RichTextEditor\main.cpp(1010,14): warning C4244:  '=': conversion from 'const FLOAT' to 'int', possible loss of data
C:\c++\RichTextEditor\main.cpp(1024,17): warning C4244:  'initializing': conversion from 'float' to 'int', possible loss of data
C:\c++\RichTextEditor\main.cpp(1152,14): warning C4244:  '=': conversion from 'double' to 'float', possible loss of data
  RichTextEditor.vcxproj -> C:\c++\RichTextEditor\x64\Debug\RichTextEditor.exe
